<?xml version="1.0" encoding="UTF-8"?>
<testsuite name="KittiesTest" tests="3" skipped="0" failures="0" errors="0" timestamp="2023-03-17T23:56:49" hostname="LAPTOP-93PNA7B4" time="8.3">
  <properties/>
  <testcase name="addFriendsToKitty_allFriendsAreAdded()" classname="KittiesTest" time="8.062"/>
  <testcase name="removeOwner()" classname="KittiesTest" time="0.173"/>
  <testcase name="createOwnerAddKitty_ownerAndKittyAreConnected()" classname="KittiesTest" time="0.058"/>
  <system-out><![CDATA[Hibernate: 
    
    drop table if exists kitties cascade 
Hibernate: 
    
    drop table if exists kitties_kitties cascade 
Hibernate: 
    
    drop table if exists owners cascade 
Hibernate: 
    
    create table kitties (
       id integer generated by default as identity (start with 1),
        birthdate date,
        breed smallint,
        colour smallint,
        name varchar(255),
        owner integer,
        primary key (id)
    )
Hibernate: 
    
    create table kitties_kitties (
       Kitty_id integer not null,
        friends_id integer not null
    )
Hibernate: 
    
    create table owners (
       id integer generated by default as identity (start with 1),
        birthDate date,
        name varchar(255),
        primary key (id)
    )
Hibernate: 
    
    alter table kitties 
       add constraint FK5qf120n91s9ipx1fvmk34kh2 
       foreign key (owner) 
       references owners
Hibernate: 
    
    alter table kitties_kitties 
       add constraint FKlyfma4lj27jy2vp69han0gk84 
       foreign key (friends_id) 
       references kitties
Hibernate: 
    
    alter table kitties_kitties 
       add constraint FKmccimgux98n1w0prjqiylls14 
       foreign key (Kitty_id) 
       references kitties
Hibernate: 
    insert 
    into
        owners
        (id, birthDate, name) 
    values
        (null, ?, ?)
Hibernate: 
    select
        o1_0.id,
        o1_0.birthDate,
        k1_0.owner,
        k1_0.id,
        k1_0.birthdate,
        k1_0.breed,
        k1_0.colour,
        k1_0.name,
        o1_0.name 
    from
        owners o1_0 
    left join
        kitties k1_0 
            on o1_0.id=k1_0.owner 
    where
        o1_0.id=?
Hibernate: 
    select
        o1_0.id,
        o1_0.birthDate,
        k1_0.owner,
        k1_0.id,
        k1_0.birthdate,
        k1_0.breed,
        k1_0.colour,
        k1_0.name,
        o1_0.name 
    from
        owners o1_0 
    left join
        kitties k1_0 
            on o1_0.id=k1_0.owner 
    where
        o1_0.id=?
Hibernate: 
    select
        o1_0.id,
        o1_0.birthDate,
        k1_0.owner,
        k1_0.id,
        k1_0.birthdate,
        k1_0.breed,
        k1_0.colour,
        k1_0.name,
        o1_0.name 
    from
        owners o1_0 
    left join
        kitties k1_0 
            on o1_0.id=k1_0.owner 
    where
        o1_0.id=?
Hibernate: 
    insert 
    into
        kitties
        (id, birthdate, breed, colour, name, owner) 
    values
        (null, ?, ?, ?, ?, ?)
Hibernate: 
    select
        o1_0.id,
        o1_0.birthDate,
        k1_0.owner,
        k1_0.id,
        k1_0.birthdate,
        k1_0.breed,
        k1_0.colour,
        k1_0.name,
        o1_0.name 
    from
        owners o1_0 
    left join
        kitties k1_0 
            on o1_0.id=k1_0.owner 
    where
        o1_0.id=?
Hibernate: 
    select
        f1_0.Kitty_id,
        f1_1.id,
        f1_1.birthdate,
        f1_1.breed,
        f1_1.colour,
        f1_1.name,
        o1_0.id,
        o1_0.birthDate,
        o1_0.name 
    from
        kitties_kitties f1_0 
    join
        kitties f1_1 
            on f1_1.id=f1_0.friends_id 
    left join
        owners o1_0 
            on o1_0.id=f1_1.owner 
    where
        f1_0.Kitty_id=?
Hibernate: 
    select
        o1_0.id,
        o1_0.birthDate,
        k1_0.owner,
        k1_0.id,
        k1_0.birthdate,
        k1_0.breed,
        k1_0.colour,
        k1_0.name,
        o1_0.name 
    from
        owners o1_0 
    left join
        kitties k1_0 
            on o1_0.id=k1_0.owner 
    where
        o1_0.id=?
Hibernate: 
    select
        f1_0.Kitty_id,
        f1_1.id,
        f1_1.birthdate,
        f1_1.breed,
        f1_1.colour,
        f1_1.name,
        o1_0.id,
        o1_0.birthDate,
        o1_0.name 
    from
        kitties_kitties f1_0 
    join
        kitties f1_1 
            on f1_1.id=f1_0.friends_id 
    left join
        owners o1_0 
            on o1_0.id=f1_1.owner 
    where
        f1_0.Kitty_id=?
Hibernate: 
    select
        o1_0.id,
        o1_0.birthDate,
        k1_0.owner,
        k1_0.id,
        k1_0.birthdate,
        k1_0.breed,
        k1_0.colour,
        k1_0.name,
        o1_0.name 
    from
        owners o1_0 
    left join
        kitties k1_0 
            on o1_0.id=k1_0.owner 
    where
        o1_0.id=?
Hibernate: 
    select
        f1_0.Kitty_id,
        f1_1.id,
        f1_1.birthdate,
        f1_1.breed,
        f1_1.colour,
        f1_1.name,
        o1_0.id,
        o1_0.birthDate,
        o1_0.name 
    from
        kitties_kitties f1_0 
    join
        kitties f1_1 
            on f1_1.id=f1_0.friends_id 
    left join
        owners o1_0 
            on o1_0.id=f1_1.owner 
    where
        f1_0.Kitty_id=?
Hibernate: 
    insert 
    into
        kitties
        (id, birthdate, breed, colour, name, owner) 
    values
        (null, ?, ?, ?, ?, ?)
Hibernate: 
    select
        o1_0.id,
        o1_0.birthDate,
        k1_0.owner,
        k1_0.id,
        k1_0.birthdate,
        k1_0.breed,
        k1_0.colour,
        k1_0.name,
        o1_0.name 
    from
        owners o1_0 
    left join
        kitties k1_0 
            on o1_0.id=k1_0.owner 
    where
        o1_0.id=?
Hibernate: 
    select
        f1_0.Kitty_id,
        f1_1.id,
        f1_1.birthdate,
        f1_1.breed,
        f1_1.colour,
        f1_1.name,
        o1_0.id,
        o1_0.birthDate,
        o1_0.name 
    from
        kitties_kitties f1_0 
    join
        kitties f1_1 
            on f1_1.id=f1_0.friends_id 
    left join
        owners o1_0 
            on o1_0.id=f1_1.owner 
    where
        f1_0.Kitty_id=?
Hibernate: 
    select
        f1_0.Kitty_id,
        f1_1.id,
        f1_1.birthdate,
        f1_1.breed,
        f1_1.colour,
        f1_1.name,
        o1_0.id,
        o1_0.birthDate,
        o1_0.name 
    from
        kitties_kitties f1_0 
    join
        kitties f1_1 
            on f1_1.id=f1_0.friends_id 
    left join
        owners o1_0 
            on o1_0.id=f1_1.owner 
    where
        f1_0.Kitty_id=?
Hibernate: 
    select
        o1_0.id,
        o1_0.birthDate,
        k1_0.owner,
        k1_0.id,
        k1_0.birthdate,
        k1_0.breed,
        k1_0.colour,
        k1_0.name,
        o1_0.name 
    from
        owners o1_0 
    left join
        kitties k1_0 
            on o1_0.id=k1_0.owner 
    where
        o1_0.id=?
Hibernate: 
    select
        f1_0.Kitty_id,
        f1_1.id,
        f1_1.birthdate,
        f1_1.breed,
        f1_1.colour,
        f1_1.name,
        o1_0.id,
        o1_0.birthDate,
        o1_0.name 
    from
        kitties_kitties f1_0 
    join
        kitties f1_1 
            on f1_1.id=f1_0.friends_id 
    left join
        owners o1_0 
            on o1_0.id=f1_1.owner 
    where
        f1_0.Kitty_id=?
Hibernate: 
    select
        f1_0.Kitty_id,
        f1_1.id,
        f1_1.birthdate,
        f1_1.breed,
        f1_1.colour,
        f1_1.name,
        o1_0.id,
        o1_0.birthDate,
        o1_0.name 
    from
        kitties_kitties f1_0 
    join
        kitties f1_1 
            on f1_1.id=f1_0.friends_id 
    left join
        owners o1_0 
            on o1_0.id=f1_1.owner 
    where
        f1_0.Kitty_id=?
Hibernate: 
    select
        o1_0.id,
        o1_0.birthDate,
        k1_0.owner,
        k1_0.id,
        k1_0.birthdate,
        k1_0.breed,
        k1_0.colour,
        k1_0.name,
        o1_0.name 
    from
        owners o1_0 
    left join
        kitties k1_0 
            on o1_0.id=k1_0.owner 
    where
        o1_0.id=?
Hibernate: 
    select
        f1_0.Kitty_id,
        f1_1.id,
        f1_1.birthdate,
        f1_1.breed,
        f1_1.colour,
        f1_1.name,
        o1_0.id,
        o1_0.birthDate,
        o1_0.name 
    from
        kitties_kitties f1_0 
    join
        kitties f1_1 
            on f1_1.id=f1_0.friends_id 
    left join
        owners o1_0 
            on o1_0.id=f1_1.owner 
    where
        f1_0.Kitty_id=?
Hibernate: 
    select
        f1_0.Kitty_id,
        f1_1.id,
        f1_1.birthdate,
        f1_1.breed,
        f1_1.colour,
        f1_1.name,
        o1_0.id,
        o1_0.birthDate,
        o1_0.name 
    from
        kitties_kitties f1_0 
    join
        kitties f1_1 
            on f1_1.id=f1_0.friends_id 
    left join
        owners o1_0 
            on o1_0.id=f1_1.owner 
    where
        f1_0.Kitty_id=?
Hibernate: 
    insert 
    into
        kitties
        (id, birthdate, breed, colour, name, owner) 
    values
        (null, ?, ?, ?, ?, ?)
Hibernate: 
    select
        k1_0.id,
        k1_0.birthdate,
        k1_0.breed,
        k1_0.colour,
        f1_0.Kitty_id,
        f1_1.id,
        f1_1.birthdate,
        f1_1.breed,
        f1_1.colour,
        f1_1.name,
        o1_0.id,
        o1_0.birthDate,
        o1_0.name,
        k1_0.name,
        o2_0.id,
        o2_0.birthDate,
        o2_0.name 
    from
        kitties k1_0 
    left join
        (kitties_kitties f1_0 
    join
        kitties f1_1 
            on f1_1.id=f1_0.friends_id) 
                on k1_0.id=f1_0.Kitty_id 
        left join
            owners o1_0 
                on o1_0.id=f1_1.owner 
        left join
            owners o2_0 
                on o2_0.id=k1_0.owner 
        where
            k1_0.id=?
Hibernate: 
    select
        k1_0.owner,
        k1_0.id,
        k1_0.birthdate,
        k1_0.breed,
        k1_0.colour,
        k1_0.name 
    from
        kitties k1_0 
    where
        k1_0.owner=?
Hibernate: 
    select
        f1_0.Kitty_id,
        f1_1.id,
        f1_1.birthdate,
        f1_1.breed,
        f1_1.colour,
        f1_1.name,
        o1_0.id,
        o1_0.birthDate,
        o1_0.name 
    from
        kitties_kitties f1_0 
    join
        kitties f1_1 
            on f1_1.id=f1_0.friends_id 
    left join
        owners o1_0 
            on o1_0.id=f1_1.owner 
    where
        f1_0.Kitty_id=?
Hibernate: 
    select
        f1_0.Kitty_id,
        f1_1.id,
        f1_1.birthdate,
        f1_1.breed,
        f1_1.colour,
        f1_1.name,
        o1_0.id,
        o1_0.birthDate,
        o1_0.name 
    from
        kitties_kitties f1_0 
    join
        kitties f1_1 
            on f1_1.id=f1_0.friends_id 
    left join
        owners o1_0 
            on o1_0.id=f1_1.owner 
    where
        f1_0.Kitty_id=?
Hibernate: 
    select
        k1_0.id,
        k1_0.birthdate,
        k1_0.breed,
        k1_0.colour,
        f1_0.Kitty_id,
        f1_1.id,
        f1_1.birthdate,
        f1_1.breed,
        f1_1.colour,
        f1_1.name,
        o1_0.id,
        o1_0.birthDate,
        o1_0.name,
        k1_0.name,
        o2_0.id,
        o2_0.birthDate,
        o2_0.name 
    from
        kitties k1_0 
    left join
        (kitties_kitties f1_0 
    join
        kitties f1_1 
            on f1_1.id=f1_0.friends_id) 
                on k1_0.id=f1_0.Kitty_id 
        left join
            owners o1_0 
                on o1_0.id=f1_1.owner 
        left join
            owners o2_0 
                on o2_0.id=k1_0.owner 
        where
            k1_0.id=?
Hibernate: 
    select
        k1_0.owner,
        k1_0.id,
        k1_0.birthdate,
        k1_0.breed,
        k1_0.colour,
        k1_0.name 
    from
        kitties k1_0 
    where
        k1_0.owner=?
Hibernate: 
    select
        f1_0.Kitty_id,
        f1_1.id,
        f1_1.birthdate,
        f1_1.breed,
        f1_1.colour,
        f1_1.name,
        o1_0.id,
        o1_0.birthDate,
        o1_0.name 
    from
        kitties_kitties f1_0 
    join
        kitties f1_1 
            on f1_1.id=f1_0.friends_id 
    left join
        owners o1_0 
            on o1_0.id=f1_1.owner 
    where
        f1_0.Kitty_id=?
Hibernate: 
    select
        f1_0.Kitty_id,
        f1_1.id,
        f1_1.birthdate,
        f1_1.breed,
        f1_1.colour,
        f1_1.name,
        o1_0.id,
        o1_0.birthDate,
        o1_0.name 
    from
        kitties_kitties f1_0 
    join
        kitties f1_1 
            on f1_1.id=f1_0.friends_id 
    left join
        owners o1_0 
            on o1_0.id=f1_1.owner 
    where
        f1_0.Kitty_id=?
Hibernate: 
    select
        k1_0.id,
        k1_0.birthdate,
        k1_0.breed,
        k1_0.colour,
        f1_0.Kitty_id,
        f1_1.id,
        f1_1.birthdate,
        f1_1.breed,
        f1_1.colour,
        f1_1.name,
        o1_0.id,
        o1_0.birthDate,
        o1_0.name,
        k1_0.name,
        o2_0.id,
        o2_0.birthDate,
        o2_0.name 
    from
        kitties k1_0 
    left join
        (kitties_kitties f1_0 
    join
        kitties f1_1 
            on f1_1.id=f1_0.friends_id) 
                on k1_0.id=f1_0.Kitty_id 
        left join
            owners o1_0 
                on o1_0.id=f1_1.owner 
        left join
            owners o2_0 
                on o2_0.id=k1_0.owner 
        where
            k1_0.id=?
Hibernate: 
    select
        k1_0.owner,
        k1_0.id,
        k1_0.birthdate,
        k1_0.breed,
        k1_0.colour,
        k1_0.name 
    from
        kitties k1_0 
    where
        k1_0.owner=?
Hibernate: 
    select
        f1_0.Kitty_id,
        f1_1.id,
        f1_1.birthdate,
        f1_1.breed,
        f1_1.colour,
        f1_1.name,
        o1_0.id,
        o1_0.birthDate,
        o1_0.name 
    from
        kitties_kitties f1_0 
    join
        kitties f1_1 
            on f1_1.id=f1_0.friends_id 
    left join
        owners o1_0 
            on o1_0.id=f1_1.owner 
    where
        f1_0.Kitty_id=?
Hibernate: 
    select
        f1_0.Kitty_id,
        f1_1.id,
        f1_1.birthdate,
        f1_1.breed,
        f1_1.colour,
        f1_1.name,
        o1_0.id,
        o1_0.birthDate,
        o1_0.name 
    from
        kitties_kitties f1_0 
    join
        kitties f1_1 
            on f1_1.id=f1_0.friends_id 
    left join
        owners o1_0 
            on o1_0.id=f1_1.owner 
    where
        f1_0.Kitty_id=?
Hibernate: 
    select
        k1_0.id,
        k1_0.birthdate,
        k1_0.breed,
        k1_0.colour,
        f1_0.Kitty_id,
        f1_1.id,
        f1_1.birthdate,
        f1_1.breed,
        f1_1.colour,
        f1_1.name,
        o1_0.id,
        o1_0.birthDate,
        o1_0.name,
        k1_0.name,
        o2_0.id,
        o2_0.birthDate,
        o2_0.name 
    from
        kitties k1_0 
    left join
        (kitties_kitties f1_0 
    join
        kitties f1_1 
            on f1_1.id=f1_0.friends_id) 
                on k1_0.id=f1_0.Kitty_id 
        left join
            owners o1_0 
                on o1_0.id=f1_1.owner 
        left join
            owners o2_0 
                on o2_0.id=k1_0.owner 
        where
            k1_0.id=?
Hibernate: 
    select
        k1_0.owner,
        k1_0.id,
        k1_0.birthdate,
        k1_0.breed,
        k1_0.colour,
        k1_0.name 
    from
        kitties k1_0 
    where
        k1_0.owner=?
Hibernate: 
    select
        f1_0.Kitty_id,
        f1_1.id,
        f1_1.birthdate,
        f1_1.breed,
        f1_1.colour,
        f1_1.name,
        o1_0.id,
        o1_0.birthDate,
        o1_0.name 
    from
        kitties_kitties f1_0 
    join
        kitties f1_1 
            on f1_1.id=f1_0.friends_id 
    left join
        owners o1_0 
            on o1_0.id=f1_1.owner 
    where
        f1_0.Kitty_id=?
Hibernate: 
    select
        f1_0.Kitty_id,
        f1_1.id,
        f1_1.birthdate,
        f1_1.breed,
        f1_1.colour,
        f1_1.name,
        o1_0.id,
        o1_0.birthDate,
        o1_0.name 
    from
        kitties_kitties f1_0 
    join
        kitties f1_1 
            on f1_1.id=f1_0.friends_id 
    left join
        owners o1_0 
            on o1_0.id=f1_1.owner 
    where
        f1_0.Kitty_id=?
Hibernate: 
    select
        k1_0.id,
        k1_0.birthdate,
        k1_0.breed,
        k1_0.colour,
        f1_0.Kitty_id,
        f1_1.id,
        f1_1.birthdate,
        f1_1.breed,
        f1_1.colour,
        f1_1.name,
        o1_0.id,
        o1_0.birthDate,
        o1_0.name,
        k1_0.name,
        o2_0.id,
        o2_0.birthDate,
        o2_0.name 
    from
        kitties k1_0 
    left join
        (kitties_kitties f1_0 
    join
        kitties f1_1 
            on f1_1.id=f1_0.friends_id) 
                on k1_0.id=f1_0.Kitty_id 
        left join
            owners o1_0 
                on o1_0.id=f1_1.owner 
        left join
            owners o2_0 
                on o2_0.id=k1_0.owner 
        where
            k1_0.id=?
Hibernate: 
    select
        k1_0.owner,
        k1_0.id,
        k1_0.birthdate,
        k1_0.breed,
        k1_0.colour,
        k1_0.name 
    from
        kitties k1_0 
    where
        k1_0.owner=?
Hibernate: 
    select
        f1_0.Kitty_id,
        f1_1.id,
        f1_1.birthdate,
        f1_1.breed,
        f1_1.colour,
        f1_1.name,
        o1_0.id,
        o1_0.birthDate,
        o1_0.name 
    from
        kitties_kitties f1_0 
    join
        kitties f1_1 
            on f1_1.id=f1_0.friends_id 
    left join
        owners o1_0 
            on o1_0.id=f1_1.owner 
    where
        f1_0.Kitty_id=?
Hibernate: 
    select
        f1_0.Kitty_id,
        f1_1.id,
        f1_1.birthdate,
        f1_1.breed,
        f1_1.colour,
        f1_1.name,
        o1_0.id,
        o1_0.birthDate,
        o1_0.name 
    from
        kitties_kitties f1_0 
    join
        kitties f1_1 
            on f1_1.id=f1_0.friends_id 
    left join
        owners o1_0 
            on o1_0.id=f1_1.owner 
    where
        f1_0.Kitty_id=?
Hibernate: 
    insert 
    into
        kitties_kitties
        (Kitty_id, friends_id) 
    values
        (?, ?)
Hibernate: 
    insert 
    into
        kitties_kitties
        (Kitty_id, friends_id) 
    values
        (?, ?)
Hibernate: 
    select
        k1_0.id,
        k1_0.birthdate,
        k1_0.breed,
        k1_0.colour,
        f1_0.Kitty_id,
        f1_1.id,
        f1_1.birthdate,
        f1_1.breed,
        f1_1.colour,
        f1_1.name,
        o1_0.id,
        o1_0.birthDate,
        o1_0.name,
        k1_0.name,
        o2_0.id,
        o2_0.birthDate,
        o2_0.name 
    from
        kitties k1_0 
    left join
        (kitties_kitties f1_0 
    join
        kitties f1_1 
            on f1_1.id=f1_0.friends_id) 
                on k1_0.id=f1_0.Kitty_id 
        left join
            owners o1_0 
                on o1_0.id=f1_1.owner 
        left join
            owners o2_0 
                on o2_0.id=k1_0.owner 
        where
            k1_0.id=?
Hibernate: 
    select
        k1_0.owner,
        k1_0.id,
        k1_0.birthdate,
        k1_0.breed,
        k1_0.colour,
        k1_0.name 
    from
        kitties k1_0 
    where
        k1_0.owner=?
Hibernate: 
    select
        f1_0.Kitty_id,
        f1_1.id,
        f1_1.birthdate,
        f1_1.breed,
        f1_1.colour,
        f1_1.name,
        o1_0.id,
        o1_0.birthDate,
        o1_0.name 
    from
        kitties_kitties f1_0 
    join
        kitties f1_1 
            on f1_1.id=f1_0.friends_id 
    left join
        owners o1_0 
            on o1_0.id=f1_1.owner 
    where
        f1_0.Kitty_id=?
Hibernate: 
    select
        f1_0.Kitty_id,
        f1_1.id,
        f1_1.birthdate,
        f1_1.breed,
        f1_1.colour,
        f1_1.name,
        o1_0.id,
        o1_0.birthDate,
        o1_0.name 
    from
        kitties_kitties f1_0 
    join
        kitties f1_1 
            on f1_1.id=f1_0.friends_id 
    left join
        owners o1_0 
            on o1_0.id=f1_1.owner 
    where
        f1_0.Kitty_id=?
Hibernate: 
    select
        k1_0.id,
        k1_0.birthdate,
        k1_0.breed,
        k1_0.colour,
        f1_0.Kitty_id,
        f1_1.id,
        f1_1.birthdate,
        f1_1.breed,
        f1_1.colour,
        f1_1.name,
        o1_0.id,
        o1_0.birthDate,
        o1_0.name,
        k1_0.name,
        o2_0.id,
        o2_0.birthDate,
        o2_0.name 
    from
        kitties k1_0 
    left join
        (kitties_kitties f1_0 
    join
        kitties f1_1 
            on f1_1.id=f1_0.friends_id) 
                on k1_0.id=f1_0.Kitty_id 
        left join
            owners o1_0 
                on o1_0.id=f1_1.owner 
        left join
            owners o2_0 
                on o2_0.id=k1_0.owner 
        where
            k1_0.id=?
Hibernate: 
    select
        k1_0.owner,
        k1_0.id,
        k1_0.birthdate,
        k1_0.breed,
        k1_0.colour,
        k1_0.name 
    from
        kitties k1_0 
    where
        k1_0.owner=?
Hibernate: 
    select
        f1_0.Kitty_id,
        f1_1.id,
        f1_1.birthdate,
        f1_1.breed,
        f1_1.colour,
        f1_1.name,
        o1_0.id,
        o1_0.birthDate,
        o1_0.name 
    from
        kitties_kitties f1_0 
    join
        kitties f1_1 
            on f1_1.id=f1_0.friends_id 
    left join
        owners o1_0 
            on o1_0.id=f1_1.owner 
    where
        f1_0.Kitty_id=?
Hibernate: 
    select
        f1_0.Kitty_id,
        f1_1.id,
        f1_1.birthdate,
        f1_1.breed,
        f1_1.colour,
        f1_1.name,
        o1_0.id,
        o1_0.birthDate,
        o1_0.name 
    from
        kitties_kitties f1_0 
    join
        kitties f1_1 
            on f1_1.id=f1_0.friends_id 
    left join
        owners o1_0 
            on o1_0.id=f1_1.owner 
    where
        f1_0.Kitty_id=?
Hibernate: 
    select
        k1_0.id,
        k1_0.birthdate,
        k1_0.breed,
        k1_0.colour,
        f1_0.Kitty_id,
        f1_1.id,
        f1_1.birthdate,
        f1_1.breed,
        f1_1.colour,
        f1_1.name,
        o1_0.id,
        o1_0.birthDate,
        o1_0.name,
        k1_0.name,
        o2_0.id,
        o2_0.birthDate,
        o2_0.name 
    from
        kitties k1_0 
    left join
        (kitties_kitties f1_0 
    join
        kitties f1_1 
            on f1_1.id=f1_0.friends_id) 
                on k1_0.id=f1_0.Kitty_id 
        left join
            owners o1_0 
                on o1_0.id=f1_1.owner 
        left join
            owners o2_0 
                on o2_0.id=k1_0.owner 
        where
            k1_0.id=?
Hibernate: 
    select
        k1_0.owner,
        k1_0.id,
        k1_0.birthdate,
        k1_0.breed,
        k1_0.colour,
        k1_0.name 
    from
        kitties k1_0 
    where
        k1_0.owner=?
Hibernate: 
    select
        f1_0.Kitty_id,
        f1_1.id,
        f1_1.birthdate,
        f1_1.breed,
        f1_1.colour,
        f1_1.name,
        o1_0.id,
        o1_0.birthDate,
        o1_0.name 
    from
        kitties_kitties f1_0 
    join
        kitties f1_1 
            on f1_1.id=f1_0.friends_id 
    left join
        owners o1_0 
            on o1_0.id=f1_1.owner 
    where
        f1_0.Kitty_id=?
Hibernate: 
    select
        f1_0.Kitty_id,
        f1_1.id,
        f1_1.birthdate,
        f1_1.breed,
        f1_1.colour,
        f1_1.name,
        o1_0.id,
        o1_0.birthDate,
        o1_0.name 
    from
        kitties_kitties f1_0 
    join
        kitties f1_1 
            on f1_1.id=f1_0.friends_id 
    left join
        owners o1_0 
            on o1_0.id=f1_1.owner 
    where
        f1_0.Kitty_id=?
Hibernate: 
    select
        k1_0.id,
        k1_0.birthdate,
        k1_0.breed,
        k1_0.colour,
        f1_0.Kitty_id,
        f1_1.id,
        f1_1.birthdate,
        f1_1.breed,
        f1_1.colour,
        f1_1.name,
        o1_0.id,
        o1_0.birthDate,
        o1_0.name,
        k1_0.name,
        o2_0.id,
        o2_0.birthDate,
        o2_0.name 
    from
        kitties k1_0 
    left join
        (kitties_kitties f1_0 
    join
        kitties f1_1 
            on f1_1.id=f1_0.friends_id) 
                on k1_0.id=f1_0.Kitty_id 
        left join
            owners o1_0 
                on o1_0.id=f1_1.owner 
        left join
            owners o2_0 
                on o2_0.id=k1_0.owner 
        where
            k1_0.id=?
Hibernate: 
    select
        k1_0.owner,
        k1_0.id,
        k1_0.birthdate,
        k1_0.breed,
        k1_0.colour,
        k1_0.name 
    from
        kitties k1_0 
    where
        k1_0.owner=?
Hibernate: 
    select
        f1_0.Kitty_id,
        f1_1.id,
        f1_1.birthdate,
        f1_1.breed,
        f1_1.colour,
        f1_1.name,
        o1_0.id,
        o1_0.birthDate,
        o1_0.name 
    from
        kitties_kitties f1_0 
    join
        kitties f1_1 
            on f1_1.id=f1_0.friends_id 
    left join
        owners o1_0 
            on o1_0.id=f1_1.owner 
    where
        f1_0.Kitty_id=?
Hibernate: 
    select
        f1_0.Kitty_id,
        f1_1.id,
        f1_1.birthdate,
        f1_1.breed,
        f1_1.colour,
        f1_1.name,
        o1_0.id,
        o1_0.birthDate,
        o1_0.name 
    from
        kitties_kitties f1_0 
    join
        kitties f1_1 
            on f1_1.id=f1_0.friends_id 
    left join
        owners o1_0 
            on o1_0.id=f1_1.owner 
    where
        f1_0.Kitty_id=?
Hibernate: 
    select
        k1_0.id,
        k1_0.birthdate,
        k1_0.breed,
        k1_0.colour,
        f1_0.Kitty_id,
        f1_1.id,
        f1_1.birthdate,
        f1_1.breed,
        f1_1.colour,
        f1_1.name,
        o1_0.id,
        o1_0.birthDate,
        o1_0.name,
        k1_0.name,
        o2_0.id,
        o2_0.birthDate,
        o2_0.name 
    from
        kitties k1_0 
    left join
        (kitties_kitties f1_0 
    join
        kitties f1_1 
            on f1_1.id=f1_0.friends_id) 
                on k1_0.id=f1_0.Kitty_id 
        left join
            owners o1_0 
                on o1_0.id=f1_1.owner 
        left join
            owners o2_0 
                on o2_0.id=k1_0.owner 
        where
            k1_0.id=?
Hibernate: 
    select
        k1_0.owner,
        k1_0.id,
        k1_0.birthdate,
        k1_0.breed,
        k1_0.colour,
        k1_0.name 
    from
        kitties k1_0 
    where
        k1_0.owner=?
Hibernate: 
    select
        f1_0.Kitty_id,
        f1_1.id,
        f1_1.birthdate,
        f1_1.breed,
        f1_1.colour,
        f1_1.name,
        o1_0.id,
        o1_0.birthDate,
        o1_0.name 
    from
        kitties_kitties f1_0 
    join
        kitties f1_1 
            on f1_1.id=f1_0.friends_id 
    left join
        owners o1_0 
            on o1_0.id=f1_1.owner 
    where
        f1_0.Kitty_id=?
Hibernate: 
    select
        f1_0.Kitty_id,
        f1_1.id,
        f1_1.birthdate,
        f1_1.breed,
        f1_1.colour,
        f1_1.name,
        o1_0.id,
        o1_0.birthDate,
        o1_0.name 
    from
        kitties_kitties f1_0 
    join
        kitties f1_1 
            on f1_1.id=f1_0.friends_id 
    left join
        owners o1_0 
            on o1_0.id=f1_1.owner 
    where
        f1_0.Kitty_id=?
Hibernate: 
    insert 
    into
        kitties_kitties
        (Kitty_id, friends_id) 
    values
        (?, ?)
Hibernate: 
    delete 
    from
        kitties_kitties 
    where
        Kitty_id=?
Hibernate: 
    insert 
    into
        kitties_kitties
        (Kitty_id, friends_id) 
    values
        (?, ?)
Hibernate: 
    insert 
    into
        kitties_kitties
        (Kitty_id, friends_id) 
    values
        (?, ?)
Hibernate: 
    select
        k1_0.id,
        k1_0.birthdate,
        k1_0.breed,
        k1_0.colour,
        f1_0.Kitty_id,
        f1_1.id,
        f1_1.birthdate,
        f1_1.breed,
        f1_1.colour,
        f1_1.name,
        o1_0.id,
        o1_0.birthDate,
        o1_0.name,
        k1_0.name,
        o2_0.id,
        o2_0.birthDate,
        o2_0.name 
    from
        kitties k1_0 
    left join
        (kitties_kitties f1_0 
    join
        kitties f1_1 
            on f1_1.id=f1_0.friends_id) 
                on k1_0.id=f1_0.Kitty_id 
        left join
            owners o1_0 
                on o1_0.id=f1_1.owner 
        left join
            owners o2_0 
                on o2_0.id=k1_0.owner 
        where
            k1_0.id=?
Hibernate: 
    select
        f1_0.Kitty_id,
        f1_1.id,
        f1_1.birthdate,
        f1_1.breed,
        f1_1.colour,
        f1_1.name,
        o1_0.id,
        o1_0.birthDate,
        o1_0.name 
    from
        kitties_kitties f1_0 
    join
        kitties f1_1 
            on f1_1.id=f1_0.friends_id 
    left join
        owners o1_0 
            on o1_0.id=f1_1.owner 
    where
        f1_0.Kitty_id=?
Hibernate: 
    select
        k1_0.owner,
        k1_0.id,
        k1_0.birthdate,
        k1_0.breed,
        k1_0.colour,
        k1_0.name 
    from
        kitties k1_0 
    where
        k1_0.owner=?
Hibernate: 
    select
        f1_0.Kitty_id,
        f1_1.id,
        f1_1.birthdate,
        f1_1.breed,
        f1_1.colour,
        f1_1.name,
        o1_0.id,
        o1_0.birthDate,
        o1_0.name 
    from
        kitties_kitties f1_0 
    join
        kitties f1_1 
            on f1_1.id=f1_0.friends_id 
    left join
        owners o1_0 
            on o1_0.id=f1_1.owner 
    where
        f1_0.Kitty_id=?
Hibernate: 
    select
        f1_1.id,
        f1_1.birthdate,
        f1_1.breed,
        f1_1.colour,
        f1_1.name,
        f1_1.owner 
    from
        kitties k1_0 
    join
        (kitties_kitties f1_0 
    join
        kitties f1_1 
            on f1_1.id=f1_0.friends_id) 
                on k1_0.id=f1_0.Kitty_id 
        where
            k1_0.id=?
Hibernate: 
    select
        o1_0.id,
        o1_0.birthDate,
        k1_0.owner,
        k1_0.id,
        k1_0.birthdate,
        k1_0.breed,
        k1_0.colour,
        k1_0.name,
        o1_0.name 
    from
        owners o1_0 
    left join
        kitties k1_0 
            on o1_0.id=k1_0.owner 
    where
        o1_0.id=?
Hibernate: 
    select
        f1_0.Kitty_id,
        f1_1.id,
        f1_1.birthdate,
        f1_1.breed,
        f1_1.colour,
        f1_1.name,
        o1_0.id,
        o1_0.birthDate,
        o1_0.name 
    from
        kitties_kitties f1_0 
    join
        kitties f1_1 
            on f1_1.id=f1_0.friends_id 
    left join
        owners o1_0 
            on o1_0.id=f1_1.owner 
    where
        f1_0.Kitty_id=?
Hibernate: 
    select
        f1_0.Kitty_id,
        f1_1.id,
        f1_1.birthdate,
        f1_1.breed,
        f1_1.colour,
        f1_1.name,
        o1_0.id,
        o1_0.birthDate,
        o1_0.name 
    from
        kitties_kitties f1_0 
    join
        kitties f1_1 
            on f1_1.id=f1_0.friends_id 
    left join
        owners o1_0 
            on o1_0.id=f1_1.owner 
    where
        f1_0.Kitty_id=?
Hibernate: 
    select
        f1_0.Kitty_id,
        f1_1.id,
        f1_1.birthdate,
        f1_1.breed,
        f1_1.colour,
        f1_1.name,
        o1_0.id,
        o1_0.birthDate,
        o1_0.name 
    from
        kitties_kitties f1_0 
    join
        kitties f1_1 
            on f1_1.id=f1_0.friends_id 
    left join
        owners o1_0 
            on o1_0.id=f1_1.owner 
    where
        f1_0.Kitty_id=?
Hibernate: 
    insert 
    into
        owners
        (id, birthDate, name) 
    values
        (null, ?, ?)
Hibernate: 
    select
        o1_0.id,
        o1_0.birthDate,
        k1_0.owner,
        k1_0.id,
        k1_0.birthdate,
        k1_0.breed,
        k1_0.colour,
        k1_0.name,
        o1_0.name 
    from
        owners o1_0 
    left join
        kitties k1_0 
            on o1_0.id=k1_0.owner 
    where
        o1_0.id=?
Hibernate: 
    select
        o1_0.id,
        o1_0.birthDate,
        k1_0.owner,
        k1_0.id,
        k1_0.birthdate,
        k1_0.breed,
        k1_0.colour,
        k1_0.name,
        o1_0.name 
    from
        owners o1_0 
    left join
        kitties k1_0 
            on o1_0.id=k1_0.owner 
    where
        o1_0.id=?
Hibernate: 
    select
        o1_0.id,
        o1_0.birthDate,
        k1_0.owner,
        k1_0.id,
        k1_0.birthdate,
        k1_0.breed,
        k1_0.colour,
        k1_0.name,
        o1_0.name 
    from
        owners o1_0 
    left join
        kitties k1_0 
            on o1_0.id=k1_0.owner 
    where
        o1_0.id=?
Hibernate: 
    insert 
    into
        kitties
        (id, birthdate, breed, colour, name, owner) 
    values
        (null, ?, ?, ?, ?, ?)
Hibernate: 
    select
        o1_0.id,
        o1_0.birthDate,
        k1_0.owner,
        k1_0.id,
        k1_0.birthdate,
        k1_0.breed,
        k1_0.colour,
        k1_0.name,
        o1_0.name 
    from
        owners o1_0 
    left join
        kitties k1_0 
            on o1_0.id=k1_0.owner 
    where
        o1_0.id=?
Hibernate: 
    select
        f1_0.Kitty_id,
        f1_1.id,
        f1_1.birthdate,
        f1_1.breed,
        f1_1.colour,
        f1_1.name,
        o1_0.id,
        o1_0.birthDate,
        o1_0.name 
    from
        kitties_kitties f1_0 
    join
        kitties f1_1 
            on f1_1.id=f1_0.friends_id 
    left join
        owners o1_0 
            on o1_0.id=f1_1.owner 
    where
        f1_0.Kitty_id=?
Hibernate: 
    select
        o1_0.id,
        o1_0.birthDate,
        k1_0.owner,
        k1_0.id,
        k1_0.birthdate,
        k1_0.breed,
        k1_0.colour,
        k1_0.name,
        o1_0.name 
    from
        owners o1_0 
    left join
        kitties k1_0 
            on o1_0.id=k1_0.owner 
    where
        o1_0.id=?
Hibernate: 
    select
        f1_0.Kitty_id,
        f1_1.id,
        f1_1.birthdate,
        f1_1.breed,
        f1_1.colour,
        f1_1.name,
        o1_0.id,
        o1_0.birthDate,
        o1_0.name 
    from
        kitties_kitties f1_0 
    join
        kitties f1_1 
            on f1_1.id=f1_0.friends_id 
    left join
        owners o1_0 
            on o1_0.id=f1_1.owner 
    where
        f1_0.Kitty_id=?
Hibernate: 
    delete 
    from
        kitties 
    where
        id=?
Hibernate: 
    delete 
    from
        owners 
    where
        id=?
Hibernate: 
    select
        o1_0.id,
        o1_0.birthDate,
        k1_0.owner,
        k1_0.id,
        k1_0.birthdate,
        k1_0.breed,
        k1_0.colour,
        k1_0.name,
        o1_0.name 
    from
        owners o1_0 
    left join
        kitties k1_0 
            on o1_0.id=k1_0.owner 
    where
        o1_0.id=?
Hibernate: 
    select
        k1_0.id,
        k1_0.birthdate,
        k1_0.breed,
        k1_0.colour,
        f1_0.Kitty_id,
        f1_1.id,
        f1_1.birthdate,
        f1_1.breed,
        f1_1.colour,
        f1_1.name,
        o1_0.id,
        o1_0.birthDate,
        o1_0.name,
        k1_0.name,
        o2_0.id,
        o2_0.birthDate,
        o2_0.name 
    from
        kitties k1_0 
    left join
        (kitties_kitties f1_0 
    join
        kitties f1_1 
            on f1_1.id=f1_0.friends_id) 
                on k1_0.id=f1_0.Kitty_id 
        left join
            owners o1_0 
                on o1_0.id=f1_1.owner 
        left join
            owners o2_0 
                on o2_0.id=k1_0.owner 
        where
            k1_0.id=?
Hibernate: 
    insert 
    into
        owners
        (id, birthDate, name) 
    values
        (null, ?, ?)
Hibernate: 
    select
        o1_0.id,
        o1_0.birthDate,
        k1_0.owner,
        k1_0.id,
        k1_0.birthdate,
        k1_0.breed,
        k1_0.colour,
        k1_0.name,
        o1_0.name 
    from
        owners o1_0 
    left join
        kitties k1_0 
            on o1_0.id=k1_0.owner 
    where
        o1_0.id=?
Hibernate: 
    select
        o1_0.id,
        o1_0.birthDate,
        k1_0.owner,
        k1_0.id,
        k1_0.birthdate,
        k1_0.breed,
        k1_0.colour,
        k1_0.name,
        o1_0.name 
    from
        owners o1_0 
    left join
        kitties k1_0 
            on o1_0.id=k1_0.owner 
    where
        o1_0.id=?
Hibernate: 
    select
        o1_0.id,
        o1_0.birthDate,
        k1_0.owner,
        k1_0.id,
        k1_0.birthdate,
        k1_0.breed,
        k1_0.colour,
        k1_0.name,
        o1_0.name 
    from
        owners o1_0 
    left join
        kitties k1_0 
            on o1_0.id=k1_0.owner 
    where
        o1_0.id=?
Hibernate: 
    insert 
    into
        kitties
        (id, birthdate, breed, colour, name, owner) 
    values
        (null, ?, ?, ?, ?, ?)
]]></system-out>
  <system-err><![CDATA[мар. 18, 2023 5:56:50 AM org.hibernate.Version logVersion
INFO: HHH000412: Hibernate ORM core version 6.1.7.Final
мар. 18, 2023 5:56:53 AM org.hibernate.engine.jdbc.connections.internal.DriverManagerConnectionProviderImpl configure
WARN: HHH10001002: Using built-in connection pool (not intended for production use)
мар. 18, 2023 5:56:53 AM org.hibernate.engine.jdbc.connections.internal.DriverManagerConnectionProviderImpl buildCreator
INFO: HHH10001005: Loaded JDBC driver class: org.h2.Driver
мар. 18, 2023 5:56:53 AM org.hibernate.engine.jdbc.connections.internal.DriverManagerConnectionProviderImpl buildCreator
INFO: HHH10001012: Connecting with JDBC URL [jdbc:h2:mem:kotiki]
мар. 18, 2023 5:56:53 AM org.hibernate.engine.jdbc.connections.internal.DriverManagerConnectionProviderImpl buildCreator
INFO: HHH10001001: Connection properties: {password=****, user=alina}
мар. 18, 2023 5:56:53 AM org.hibernate.engine.jdbc.connections.internal.DriverManagerConnectionProviderImpl buildCreator
INFO: HHH10001003: Autocommit mode: false
мар. 18, 2023 5:56:53 AM org.hibernate.engine.jdbc.connections.internal.DriverManagerConnectionProviderImpl$PooledConnections <init>
INFO: HHH10001115: Connection pool size: 20 (min=1)
мар. 18, 2023 5:56:53 AM org.hibernate.engine.jdbc.dialect.internal.DialectFactoryImpl logSelectedDialect
INFO: HHH000400: Using dialect: org.hibernate.dialect.HSQLDialect
мар. 18, 2023 5:56:55 AM org.hibernate.resource.transaction.backend.jdbc.internal.DdlTransactionIsolatorNonJtaImpl getIsolatedConnection
INFO: HHH10001501: Connection obtained from JdbcConnectionAccess [org.hibernate.engine.jdbc.env.internal.JdbcEnvironmentInitiator$ConnectionProviderJdbcConnectionAccess@2a0ea492] for (non-JTA) DDL execution was not in auto-commit mode; the Connection 'local transaction' will be committed and the Connection will be set into auto-commit mode.
мар. 18, 2023 5:56:55 AM org.hibernate.resource.transaction.backend.jdbc.internal.DdlTransactionIsolatorNonJtaImpl getIsolatedConnection
INFO: HHH10001501: Connection obtained from JdbcConnectionAccess [org.hibernate.engine.jdbc.env.internal.JdbcEnvironmentInitiator$ConnectionProviderJdbcConnectionAccess@4026461d] for (non-JTA) DDL execution was not in auto-commit mode; the Connection 'local transaction' will be committed and the Connection will be set into auto-commit mode.
мар. 18, 2023 5:56:55 AM org.hibernate.engine.transaction.jta.platform.internal.JtaPlatformInitiator initiateService
INFO: HHH000490: Using JtaPlatform implementation: [org.hibernate.engine.transaction.jta.platform.internal.NoJtaPlatform]
]]></system-err>
</testsuite>
